<?xml version="1.0" encoding="UTF-8"?>
<testsuite xmlns:xsi="http://www.w3.org/2001/XMLSchema-instance" xsi:noNamespaceSchemaLocation="https://maven.apache.org/surefire/maven-surefire-plugin/xsd/surefire-test-report-3.0.xsd" version="3.0" name="com.subodh.maventestreportsdemo.CalculatorTest" time="0.081" tests="6" errors="0" skipped="0" failures="0">
  <properties>
[...]
</properties>
  <testcase name="testDivideByZero" classname="com.subodh.maventestreportsdemo.CalculatorTest" time="0.032"/>
  <testcase name="testMultiplication" classname="com.subodh.maventestreportsdemo.CalculatorTest" time="0.003"/>
  <testcase name="testAddition" classname="com.subodh.maventestreportsdemo.CalculatorTest" time="0.002"/>
  <testcase name="testDivision" classname="com.subodh.maventestreportsdemo.CalculatorTest" time="0.002"/>
  <testcase name="testSubtraction" classname="com.subodh.maventestreportsdemo.CalculatorTest" time="0.002"/>
  <testcase name="testNegativeNumbers" classname="com.subodh.maventestreportsdemo.CalculatorTest" time="0.002"/>
</testsuite>